19:24:05,831 (main) INFO  [uniandes.isis2304.parranderos.test.AlojamientoTest] - Probando las operaciones CRD sobre TipoBebida
19:24:05,953 (main) INFO  [uniandes.isis2304.parranderos.test.AlojamientoTest] - Se encontró un archivo de configuración de tablas válido
19:24:08,132 (main) INFO  [uniandes.isis2304.parranderos.negocio.Alohandes] - Generando los VO de Alojamientos
19:24:08,249 (main) INFO  [uniandes.isis2304.parranderos.negocio.Alohandes] - Generando los VO de Alojamientos: 30 alojamientos existentes
19:24:08,249 (main) INFO  [uniandes.isis2304.parranderos.negocio.Alohandes] - Limpiando la BD de Alohandes
19:24:08,553 (main) ERROR [uniandes.isis2304.parranderos.persistencia.PersistenciaAlohandes] - Exception : Error executing SQL query "DELETE FROM OPERADORES".
ORA-02292: integrity constraint (ISIS2304B23202310.FK_G_OPERADOR) violated - child record found

19:24:08,570 (main) INFO  [uniandes.isis2304.parranderos.negocio.Alohandes] - Limpiando la BD de Alohandes: Listo!
19:24:08,588 (main) INFO  [uniandes.isis2304.parranderos.test.AlojamientoTest] - Probando las operaciones CRD sobre TipoBebida
19:24:08,590 (main) INFO  [uniandes.isis2304.parranderos.test.AlojamientoTest] - Se encontró un archivo de configuración de tablas válido
19:24:08,831 (main) INFO  [uniandes.isis2304.parranderos.negocio.Alohandes] - Generando los VO de Alojamientos
19:24:08,883 (main) INFO  [uniandes.isis2304.parranderos.negocio.Alohandes] - Generando los VO de Alojamientos: 30 alojamientos existentes
19:24:08,883 (main) INFO  [uniandes.isis2304.parranderos.negocio.Alohandes] - Limpiando la BD de Alohandes
19:24:09,067 (main) ERROR [uniandes.isis2304.parranderos.persistencia.PersistenciaAlohandes] - Exception : Error executing SQL query "DELETE FROM OPERADORES".
ORA-02292: integrity constraint (ISIS2304B23202310.FK_G_OPERADOR) violated - child record found

19:24:09,078 (main) INFO  [uniandes.isis2304.parranderos.negocio.Alohandes] - Limpiando la BD de Alohandes: Listo!
19:24:09,088 (main) INFO  [uniandes.isis2304.parranderos.test.AlojamientoTest] - Probando la restricción de UNICIDAD del nombre del tipo de bebida
19:24:09,088 (main) INFO  [uniandes.isis2304.parranderos.test.AlojamientoTest] - Se encontró un archivo de configuración de tablas válido
19:24:09,261 (main) INFO  [uniandes.isis2304.parranderos.negocio.Alohandes] - Generando los VO de Alojamientos
19:24:09,294 (main) INFO  [uniandes.isis2304.parranderos.negocio.Alohandes] - Generando los VO de Alojamientos: 30 alojamientos existentes
19:24:09,294 (main) INFO  [uniandes.isis2304.parranderos.negocio.Alohandes] - Limpiando la BD de Alohandes
19:24:09,446 (main) ERROR [uniandes.isis2304.parranderos.persistencia.PersistenciaAlohandes] - Exception : Error executing SQL query "DELETE FROM OPERADORES".
ORA-02292: integrity constraint (ISIS2304B23202310.FK_G_OPERADOR) violated - child record found

19:24:09,457 (main) INFO  [uniandes.isis2304.parranderos.negocio.Alohandes] - Limpiando la BD de Alohandes: Listo!
19:24:09,467 (main) INFO  [uniandes.isis2304.parranderos.test.AlojamientoTest] - Probando la restricción de UNICIDAD del nombre del tipo de bebida
19:24:09,467 (main) INFO  [uniandes.isis2304.parranderos.test.AlojamientoTest] - Se encontró un archivo de configuración de tablas válido
19:24:09,625 (main) INFO  [uniandes.isis2304.parranderos.negocio.Alohandes] - Generando los VO de Alojamientos
19:24:09,653 (main) INFO  [uniandes.isis2304.parranderos.negocio.Alohandes] - Generando los VO de Alojamientos: 30 alojamientos existentes
19:24:09,653 (main) INFO  [uniandes.isis2304.parranderos.negocio.Alohandes] - Limpiando la BD de Alohandes
19:24:09,789 (main) ERROR [uniandes.isis2304.parranderos.persistencia.PersistenciaAlohandes] - Exception : Error executing SQL query "DELETE FROM OPERADORES".
ORA-02292: integrity constraint (ISIS2304B23202310.FK_G_OPERADOR) violated - child record found

19:24:09,802 (main) INFO  [uniandes.isis2304.parranderos.negocio.Alohandes] - Limpiando la BD de Alohandes: Listo!
19:24:09,822 (main) INFO  [uniandes.isis2304.parranderos.test.ConexionTest] - Probando el acceso a la base de datos con datos de usuario correctos, pero sin crear el esquema
19:24:09,822 (main) INFO  [uniandes.isis2304.parranderos.test.ConexionTest] - Se encontró un archivo de configuración de tablas válido
19:24:09,979 (main) INFO  [uniandes.isis2304.parranderos.negocio.Alohandes] - Listando Operadores
19:24:10,002 (main) INFO  [uniandes.isis2304.parranderos.test.ConexionTest] - Prueba de tabla inexistente correcta. La excepción generada es: javax.jdo.JDODataStoreException
19:24:10,002 (main) INFO  [uniandes.isis2304.parranderos.test.ConexionTest] - La causa es: java.sql.SQLSyntaxErrorException: ORA-00942: table or view does not exist

19:24:10,002 (main) INFO  [uniandes.isis2304.parranderos.negocio.Alohandes] - Limpiando la BD de Alohandes
19:24:10,098 (main) ERROR [uniandes.isis2304.parranderos.persistencia.PersistenciaAlohandes] - Exception : Error executing SQL query "DELETE FROM B_TIENE_SERVICIO".
ORA-00942: table or view does not exist

19:24:10,107 (main) INFO  [uniandes.isis2304.parranderos.negocio.Alohandes] - Limpiando la BD de Alohandes: Listo!
19:24:10,120 (main) INFO  [uniandes.isis2304.parranderos.test.ConexionTest] - Probando el acceso a la base de datos con una base de datos que no existe
19:24:10,120 (main) INFO  [uniandes.isis2304.parranderos.test.ConexionTest] - Se encontró un archivo de configuración de tablas válido
19:25:01,620 (main) INFO  [uniandes.isis2304.parranderos.test.AlojamientoTest] - Probando las operaciones CRD sobre TipoBebida
19:25:01,698 (main) INFO  [uniandes.isis2304.parranderos.test.AlojamientoTest] - Se encontró un archivo de configuración de tablas válido
19:25:03,570 (main) INFO  [uniandes.isis2304.parranderos.negocio.Alohandes] - Generando los VO de Alojamientos
19:25:03,651 (main) INFO  [uniandes.isis2304.parranderos.negocio.Alohandes] - Generando los VO de Alojamientos: 0 alojamientos existentes
19:25:03,651 (main) INFO  [uniandes.isis2304.parranderos.negocio.Alohandes] - Adicionando operador: Ritz
19:25:03,906 (main) INFO  [uniandes.isis2304.parranderos.negocio.Alohandes] - Adicionando operador: Operador [id=1, nombre=Ritz, tipo=Hotel]
19:25:03,906 (main) INFO  [uniandes.isis2304.parranderos.negocio.Alohandes] - Adicionando alohamiento al operador con id: 1
19:25:03,945 (main) INFO  [uniandes.isis2304.parranderos.negocio.Alohandes] - Adicionado alojamiento al operador: 1
19:25:03,945 (main) INFO  [uniandes.isis2304.parranderos.negocio.Alohandes] - Generando los VO de Alojamientos
19:25:03,967 (main) INFO  [uniandes.isis2304.parranderos.negocio.Alohandes] - Generando los VO de Alojamientos: 1 alojamientos existentes
19:25:03,967 (main) INFO  [uniandes.isis2304.parranderos.negocio.Alohandes] - Adicionando alohamiento al operador con id: 1
19:25:04,012 (main) INFO  [uniandes.isis2304.parranderos.negocio.Alohandes] - Adicionado alojamiento al operador: 1
19:25:04,012 (main) INFO  [uniandes.isis2304.parranderos.negocio.Alohandes] - Generando los VO de Alojamientos
19:25:04,027 (main) INFO  [uniandes.isis2304.parranderos.negocio.Alohandes] - Generando los VO de Alojamientos: 2 alojamientos existentes
19:25:04,028 (main) INFO  [uniandes.isis2304.parranderos.negocio.Alohandes] - Eliminando alojameinto por Id: 2
19:25:04,045 (main) INFO  [uniandes.isis2304.parranderos.negocio.Alohandes] - Eliminado alojameinto por Id: 2
19:25:04,045 (main) INFO  [uniandes.isis2304.parranderos.negocio.Alohandes] - Generando los VO de Alojamientos
19:25:04,062 (main) INFO  [uniandes.isis2304.parranderos.negocio.Alohandes] - Generando los VO de Alojamientos: 1 alojamientos existentes
19:25:04,062 (main) INFO  [uniandes.isis2304.parranderos.negocio.Alohandes] - Limpiando la BD de Alohandes
19:25:04,112 (main) INFO  [uniandes.isis2304.parranderos.persistencia.PersistenciaAlohandes] - Borrada la base de datos
19:25:04,112 (main) INFO  [uniandes.isis2304.parranderos.negocio.Alohandes] - Limpiando la BD de Alohandes: Listo!
19:25:04,122 (main) INFO  [uniandes.isis2304.parranderos.test.AlojamientoTest] - Probando las operaciones CRD sobre TipoBebida
19:25:04,122 (main) INFO  [uniandes.isis2304.parranderos.test.AlojamientoTest] - Se encontró un archivo de configuración de tablas válido
19:25:04,290 (main) INFO  [uniandes.isis2304.parranderos.negocio.Alohandes] - Generando los VO de Alojamientos
19:25:04,301 (main) INFO  [uniandes.isis2304.parranderos.negocio.Alohandes] - Generando los VO de Alojamientos: 0 alojamientos existentes
19:25:04,301 (main) INFO  [uniandes.isis2304.parranderos.negocio.Alohandes] - Adicionando operador: Ritz
19:25:04,412 (main) INFO  [uniandes.isis2304.parranderos.negocio.Alohandes] - Adicionando operador: Operador [id=4, nombre=Ritz, tipo=Hotel]
19:25:04,412 (main) INFO  [uniandes.isis2304.parranderos.negocio.Alohandes] - Adicionando alohamiento al operador con id: 4
19:25:04,435 (main) INFO  [uniandes.isis2304.parranderos.negocio.Alohandes] - Adicionado alojamiento al operador: 4
19:25:04,436 (main) INFO  [uniandes.isis2304.parranderos.negocio.Alohandes] - Generando los VO de Alojamientos
19:25:04,457 (main) INFO  [uniandes.isis2304.parranderos.negocio.Alohandes] - Generando los VO de Alojamientos: 1 alojamientos existentes
19:25:04,457 (main) INFO  [uniandes.isis2304.parranderos.negocio.Alohandes] - Encontrando alojamiento por Id 5
19:25:04,467 (main) INFO  [uniandes.isis2304.parranderos.negocio.Alohandes] - Encontrado alojamiento: Alojamiento [id=5, idOperador=4, tipo=Habitacion]
19:25:04,468 (main) INFO  [uniandes.isis2304.parranderos.negocio.Alohandes] - Adicionando servicio con el nombre: Jacuzzi
19:25:04,496 (main) INFO  [uniandes.isis2304.parranderos.negocio.Alohandes] - Adicionado servicio con el id: 6
19:25:04,496 (main) INFO  [uniandes.isis2304.parranderos.negocio.Alohandes] - Adicionando TS con el id de alojamiento: 5
19:25:04,511 (main) INFO  [uniandes.isis2304.parranderos.negocio.Alohandes] - Adicionado TS con el id de alojamiento: 5
19:25:04,511 (main) INFO  [uniandes.isis2304.parranderos.negocio.Alohandes] - Dar información COMPLETA de un alojamiento por id: 5
19:25:04,577 (main) INFO  [uniandes.isis2304.parranderos.negocio.Alohandes] - Alojamiento [id=5, idOperador=4, tipo=Habitacion]
19:25:04,578 (main) INFO  [uniandes.isis2304.parranderos.negocio.Alohandes] - Adicionando servicio con el nombre: Cocineta
19:25:04,601 (main) INFO  [uniandes.isis2304.parranderos.negocio.Alohandes] - Adicionado servicio con el id: 7
19:25:04,602 (main) INFO  [uniandes.isis2304.parranderos.negocio.Alohandes] - Adicionando TS con el id de alojamiento: 5
19:25:04,615 (main) INFO  [uniandes.isis2304.parranderos.negocio.Alohandes] - Adicionado TS con el id de alojamiento: 5
19:25:04,615 (main) INFO  [uniandes.isis2304.parranderos.negocio.Alohandes] - Adicionando oferta del operador con id: 4
19:25:04,640 (main) INFO  [uniandes.isis2304.parranderos.negocio.Alohandes] - Adicionando oferta  con id: 8 y fecha: 2023-03-15 00:00:00.0
19:25:04,640 (main) INFO  [uniandes.isis2304.parranderos.negocio.Alohandes] - Dar lista alojamientos ofertados: 
19:25:04,763 (main) INFO  [uniandes.isis2304.parranderos.negocio.Alohandes] - Generando Alojamientos: [Alojamiento [id=5, idOperador=4, tipo=Habitacion]]
19:25:04,763 (main) INFO  [uniandes.isis2304.parranderos.negocio.Alohandes] - Alojamiento con Id: 5 y servicios: [Servicio [id=6, nombre=Jacuzzi, costo=2500.0], Servicio [id=7, nombre=Cocineta, costo=1000.0]]
19:25:04,763 (main) INFO  [uniandes.isis2304.parranderos.negocio.Alohandes] - Limpiando la BD de Alohandes
19:25:04,831 (main) INFO  [uniandes.isis2304.parranderos.persistencia.PersistenciaAlohandes] - Borrada la base de datos
19:25:04,831 (main) INFO  [uniandes.isis2304.parranderos.negocio.Alohandes] - Limpiando la BD de Alohandes: Listo!
19:25:04,848 (main) INFO  [uniandes.isis2304.parranderos.test.AlojamientoTest] - Probando la restricción de UNICIDAD del nombre del tipo de bebida
19:25:04,848 (main) INFO  [uniandes.isis2304.parranderos.test.AlojamientoTest] - Se encontró un archivo de configuración de tablas válido
19:25:05,025 (main) INFO  [uniandes.isis2304.parranderos.negocio.Alohandes] - Generando los VO de Alojamientos
19:25:05,036 (main) INFO  [uniandes.isis2304.parranderos.negocio.Alohandes] - Generando los VO de Alojamientos: 0 alojamientos existentes
19:25:05,036 (main) INFO  [uniandes.isis2304.parranderos.negocio.Alohandes] - Adicionando operador: Ritz
19:25:05,133 (main) INFO  [uniandes.isis2304.parranderos.negocio.Alohandes] - Adicionando operador: Operador [id=9, nombre=Ritz, tipo=Hotel]
19:25:05,135 (main) INFO  [uniandes.isis2304.parranderos.negocio.Alohandes] - Adicionando alohamiento al operador con id: 9
19:25:05,159 (main) INFO  [uniandes.isis2304.parranderos.negocio.Alohandes] - Adicionado alojamiento al operador: 9
19:25:05,159 (main) INFO  [uniandes.isis2304.parranderos.negocio.Alohandes] - Adicionando alohamiento al operador con id: 666
19:25:05,189 (main) ERROR [uniandes.isis2304.parranderos.persistencia.PersistenciaAlohandes] - Exception : Error executing SQL query "INSERT INTO ALOJAMIENTO(id, idoperador, tipo) values (?, ?, ?)".
ORA-02291: integrity constraint (ISIS2304B23202310.FK_ALOJAMIENTO) violated - parent key not found

19:25:05,195 (main) INFO  [uniandes.isis2304.parranderos.negocio.Alohandes] - Adicionado alojamiento al operador: 666
19:25:05,195 (main) INFO  [uniandes.isis2304.parranderos.negocio.Alohandes] - Limpiando la BD de Alohandes
19:25:05,253 (main) INFO  [uniandes.isis2304.parranderos.persistencia.PersistenciaAlohandes] - Borrada la base de datos
19:25:05,253 (main) INFO  [uniandes.isis2304.parranderos.negocio.Alohandes] - Limpiando la BD de Alohandes: Listo!
19:25:05,261 (main) INFO  [uniandes.isis2304.parranderos.test.AlojamientoTest] - Probando la restricción de UNICIDAD del nombre del tipo de bebida
19:25:05,262 (main) INFO  [uniandes.isis2304.parranderos.test.AlojamientoTest] - Se encontró un archivo de configuración de tablas válido
19:25:05,435 (main) INFO  [uniandes.isis2304.parranderos.negocio.Alohandes] - Generando los VO de Alojamientos
19:25:05,447 (main) INFO  [uniandes.isis2304.parranderos.negocio.Alohandes] - Generando los VO de Alojamientos: 0 alojamientos existentes
19:25:05,447 (main) INFO  [uniandes.isis2304.parranderos.negocio.Alohandes] - Adicionando operador: Ritz
19:25:05,567 (main) INFO  [uniandes.isis2304.parranderos.negocio.Alohandes] - Adicionando operador: Operador [id=12, nombre=Ritz, tipo=Hotel]
19:25:05,567 (main) INFO  [uniandes.isis2304.parranderos.negocio.Alohandes] - Adicionando alohamiento al operador con id: 12
19:25:05,591 (main) ERROR [uniandes.isis2304.parranderos.persistencia.PersistenciaAlohandes] - Exception : Error executing SQL query "INSERT INTO ALOJAMIENTO(id, idoperador, tipo) values (?, ?, ?)".
ORA-02290: check constraint (ISIS2304B23202310.CK_TIPO_ALOJ) violated

19:25:05,601 (main) INFO  [uniandes.isis2304.parranderos.negocio.Alohandes] - Adicionado alojamiento al operador: 12
19:25:05,601 (main) INFO  [uniandes.isis2304.parranderos.negocio.Alohandes] - Limpiando la BD de Alohandes
19:25:05,657 (main) INFO  [uniandes.isis2304.parranderos.persistencia.PersistenciaAlohandes] - Borrada la base de datos
19:25:05,657 (main) INFO  [uniandes.isis2304.parranderos.negocio.Alohandes] - Limpiando la BD de Alohandes: Listo!
19:25:05,667 (main) INFO  [uniandes.isis2304.parranderos.test.ConexionTest] - Probando el acceso a la base de datos con datos de usuario correctos, pero sin crear el esquema
19:25:05,668 (main) INFO  [uniandes.isis2304.parranderos.test.ConexionTest] - Se encontró un archivo de configuración de tablas válido
19:25:05,888 (main) INFO  [uniandes.isis2304.parranderos.negocio.Alohandes] - Listando Operadores
19:25:05,909 (main) INFO  [uniandes.isis2304.parranderos.test.ConexionTest] - Prueba de tabla inexistente correcta. La excepción generada es: javax.jdo.JDODataStoreException
19:25:05,909 (main) INFO  [uniandes.isis2304.parranderos.test.ConexionTest] - La causa es: java.sql.SQLSyntaxErrorException: ORA-00942: table or view does not exist

19:25:05,909 (main) INFO  [uniandes.isis2304.parranderos.negocio.Alohandes] - Limpiando la BD de Alohandes
19:25:06,028 (main) ERROR [uniandes.isis2304.parranderos.persistencia.PersistenciaAlohandes] - Exception : Error executing SQL query "DELETE FROM B_TIENE_SERVICIO".
ORA-00942: table or view does not exist

19:25:06,036 (main) INFO  [uniandes.isis2304.parranderos.negocio.Alohandes] - Limpiando la BD de Alohandes: Listo!
19:25:06,047 (main) INFO  [uniandes.isis2304.parranderos.test.ConexionTest] - Probando el acceso a la base de datos con una base de datos que no existe
19:25:06,047 (main) INFO  [uniandes.isis2304.parranderos.test.ConexionTest] - Se encontró un archivo de configuración de tablas válido
19:25:48,148 (main) INFO  [uniandes.isis2304.parranderos.test.ConexionTest] - Prueba realizada exitosamente. La excepción generada es: javax.jdo.JDOFatalUserException
19:25:48,148 (main) INFO  [uniandes.isis2304.parranderos.test.ConexionTest] - La causa es: javax.jdo.JDOFatalDataStoreException: IO Error: The Network Adapter could not establish the connection
NestedThrowables:
java.sql.SQLRecoverableException: IO Error: The Network Adapter could not establish the connection
19:25:48,149 (main) INFO  [uniandes.isis2304.parranderos.test.ConexionTest] - Probando el acceso a la base de datos con datos de usuario incorrectos
19:25:48,149 (main) INFO  [uniandes.isis2304.parranderos.test.ConexionTest] - Se encontró un archivo de configuración de tablas válido
19:26:30,256 (main) INFO  [uniandes.isis2304.parranderos.test.ConexionTest] - Prueba realizada exitosamente. La excepción generada es: javax.jdo.JDOFatalUserException
19:26:30,256 (main) INFO  [uniandes.isis2304.parranderos.test.ConexionTest] - La causa es: javax.jdo.JDOFatalDataStoreException: IO Error: The Network Adapter could not establish the connection
NestedThrowables:
java.sql.SQLRecoverableException: IO Error: The Network Adapter could not establish the connection
19:26:30,257 (main) INFO  [uniandes.isis2304.parranderos.test.ConexionTest] - Probando el acceso a la base de datos con datos válidos (BD, credenciales, esquema
19:26:30,259 (main) INFO  [uniandes.isis2304.parranderos.test.ConexionTest] - Se encontró un archivo de configuración de tablas válido
19:26:30,447 (main) INFO  [uniandes.isis2304.parranderos.test.ConexionTest] - Conexión realizada correstamente
19:26:30,447 (main) INFO  [uniandes.isis2304.parranderos.test.ConexionTest] - Cerrando la conexión
19:26:30,451 (main) INFO  [uniandes.isis2304.parranderos.test.ConexionTest] - Conexión cerrada
19:26:30,451 (main) INFO  [uniandes.isis2304.parranderos.test.OperadorTest] - Probando las operaciones CRD sobre TipoBebida
19:26:30,452 (main) INFO  [uniandes.isis2304.parranderos.test.OperadorTest] - Se encontró un archivo de configuración de tablas válido
19:26:30,620 (main) INFO  [uniandes.isis2304.parranderos.negocio.Alohandes] - Generando los VO de Operadores
19:26:30,633 (main) INFO  [uniandes.isis2304.parranderos.negocio.Alohandes] - Generando los VO de Operadores: 0 operadores existentes
19:26:30,633 (main) INFO  [uniandes.isis2304.parranderos.negocio.Alohandes] - Adicionando operador: Ritz
19:26:30,745 (main) INFO  [uniandes.isis2304.parranderos.negocio.Alohandes] - Adicionando operador: Operador [id=14, nombre=Ritz, tipo=Hotel]
19:26:30,745 (main) INFO  [uniandes.isis2304.parranderos.negocio.Alohandes] - Generando los VO de Operadores
19:26:30,756 (main) INFO  [uniandes.isis2304.parranderos.negocio.Alohandes] - Generando los VO de Operadores: 1 operadores existentes
19:26:30,756 (main) INFO  [uniandes.isis2304.parranderos.negocio.Alohandes] - Encontrando operador por Id 14
19:26:30,770 (main) INFO  [uniandes.isis2304.parranderos.negocio.Alohandes] - Encontrado operador: Operador [id=14, nombre=Ritz, tipo=Hotel]
19:26:30,771 (main) INFO  [uniandes.isis2304.parranderos.negocio.Alohandes] - Adicionando alohamiento al operador con id: 14
19:26:30,794 (main) INFO  [uniandes.isis2304.parranderos.negocio.Alohandes] - Adicionado alojamiento al operador: 14
19:26:30,794 (main) INFO  [uniandes.isis2304.parranderos.negocio.Alohandes] - Adicionando alohamiento al operador con id: 14
19:26:30,815 (main) INFO  [uniandes.isis2304.parranderos.negocio.Alohandes] - Adicionado alojamiento al operador: 14
19:26:30,815 (main) INFO  [uniandes.isis2304.parranderos.negocio.Alohandes] - Adicionando oferta del operador con id: 14
19:26:30,845 (main) INFO  [uniandes.isis2304.parranderos.negocio.Alohandes] - Adicionando oferta  con id: 17 y fecha: 2023-03-15 00:00:00.0
19:26:30,845 (main) INFO  [uniandes.isis2304.parranderos.negocio.Alohandes] - Adicionando residente con el nombre: Juan Perez
19:26:30,870 (main) INFO  [uniandes.isis2304.parranderos.negocio.Alohandes] - Adicionando residen  con id: 18 y nombre: Juan Perez
19:26:30,870 (main) INFO  [uniandes.isis2304.parranderos.negocio.Alohandes] - Adicionando reserva del residente con id: 18
19:26:30,896 (main) INFO  [uniandes.isis2304.parranderos.negocio.Alohandes] - Adicionando reserva del residente con id: 18
19:26:30,896 (main) INFO  [uniandes.isis2304.parranderos.negocio.Alohandes] - Adicionando residen del residente con id: 19
19:26:30,921 (main) INFO  [uniandes.isis2304.parranderos.negocio.Alohandes] - Adicionando residen con id de reserva: 19
19:26:30,921 (main) INFO  [uniandes.isis2304.parranderos.negocio.Alohandes] - Adicionando oferta del operador con id: 14
19:26:30,949 (main) INFO  [uniandes.isis2304.parranderos.negocio.Alohandes] - Adicionando oferta  con id: 20 y fecha: 2023-03-15 00:00:00.0
19:26:30,949 (main) INFO  [uniandes.isis2304.parranderos.negocio.Alohandes] - Adicionando residente con el nombre: Jose Diaz
19:26:30,969 (main) INFO  [uniandes.isis2304.parranderos.negocio.Alohandes] - Adicionando residen  con id: 21 y nombre: Jose Diaz
19:26:30,969 (main) INFO  [uniandes.isis2304.parranderos.negocio.Alohandes] - Adicionando reserva del residente con id: 21
19:26:30,989 (main) INFO  [uniandes.isis2304.parranderos.negocio.Alohandes] - Adicionando reserva del residente con id: 21
19:26:30,989 (main) INFO  [uniandes.isis2304.parranderos.negocio.Alohandes] - Adicionando residen del residente con id: 22
19:26:31,014 (main) INFO  [uniandes.isis2304.parranderos.negocio.Alohandes] - Adicionando residen con id de reserva: 22
19:26:31,014 (main) INFO  [uniandes.isis2304.parranderos.negocio.Alohandes] - Dar información COMPLETA de un operador por id: 14
19:26:31,070 (main) INFO  [uniandes.isis2304.parranderos.negocio.Alohandes] - Buscando operador por Id: Operador [id=14, nombre=Ritz, tipo=Hotel alojamientos: [Alojamiento [id=15, idOperador=14, tipo=Apartamento], Alojamiento [id=16, idOperador=14, tipo=Habitacion]] ofertas: [Oferta [id=17, idAlojamiento=15, idOperador=14, fecha=2023-03-15 00:00:00.0, costo=10000.0, tiempoLimiteDias=8], Oferta [id=20, idAlojamiento=16, idOperador=14, fecha=2023-03-15 00:00:00.0, costo=5000.0, tiempoLimiteDias=8]]ganancias: 1500015000]
19:26:31,070 (main) INFO  [uniandes.isis2304.parranderos.negocio.Alohandes] - Adicionando operador: Marriot
19:26:31,091 (main) INFO  [uniandes.isis2304.parranderos.negocio.Alohandes] - Adicionando operador: Operador [id=23, nombre=Marriot, tipo=Hotel]
19:26:31,091 (main) INFO  [uniandes.isis2304.parranderos.negocio.Alohandes] - Generando los VO de Operadores
19:26:31,104 (main) INFO  [uniandes.isis2304.parranderos.negocio.Alohandes] - Generando los VO de Operadores: 2 operadores existentes
19:26:31,104 (main) INFO  [uniandes.isis2304.parranderos.negocio.Alohandes] - Dar información COMPLETA de un operador por id: 23
19:26:31,133 (main) INFO  [uniandes.isis2304.parranderos.negocio.Alohandes] - Buscando operador por Id: Operador [id=23, nombre=Marriot, tipo=Hotel alojamientos: [] ofertas: []ganancias: 00]
19:26:31,133 (main) INFO  [uniandes.isis2304.parranderos.negocio.Alohandes] - Dar las ganancias actuales y corridas de todos los operadores 
19:26:31,206 (main) INFO  [uniandes.isis2304.parranderos.negocio.Alohandes] - Encontradas las ganancias de 2operadores
19:26:31,206 (main) INFO  [uniandes.isis2304.parranderos.negocio.Alohandes] - Limpiando la BD de Alohandes
19:26:31,251 (main) INFO  [uniandes.isis2304.parranderos.persistencia.PersistenciaAlohandes] - Borrada la base de datos
19:26:31,251 (main) INFO  [uniandes.isis2304.parranderos.negocio.Alohandes] - Limpiando la BD de Alohandes: Listo!
19:26:31,259 (main) INFO  [uniandes.isis2304.parranderos.test.OperadorTest] - Probando las operaciones CRD sobre OPERADOR
19:26:31,260 (main) INFO  [uniandes.isis2304.parranderos.test.OperadorTest] - Se encontró un archivo de configuración de tablas válido
19:26:31,422 (main) INFO  [uniandes.isis2304.parranderos.negocio.Alohandes] - Generando los VO de Operadores
19:26:31,431 (main) INFO  [uniandes.isis2304.parranderos.negocio.Alohandes] - Generando los VO de Operadores: 0 operadores existentes
19:26:31,431 (main) INFO  [uniandes.isis2304.parranderos.negocio.Alohandes] - Adicionando operador: Ritz
19:26:31,536 (main) INFO  [uniandes.isis2304.parranderos.negocio.Alohandes] - Adicionando operador: Operador [id=24, nombre=Ritz, tipo=Hotel]
19:26:31,536 (main) INFO  [uniandes.isis2304.parranderos.negocio.Alohandes] - Generando los VO de Operadores
19:26:31,547 (main) INFO  [uniandes.isis2304.parranderos.negocio.Alohandes] - Generando los VO de Operadores: 1 operadores existentes
19:26:31,547 (main) INFO  [uniandes.isis2304.parranderos.negocio.Alohandes] - Adicionando operador: Robles
19:26:31,573 (main) INFO  [uniandes.isis2304.parranderos.negocio.Alohandes] - Adicionando operador: Operador [id=25, nombre=Robles, tipo=Hostal]
19:26:31,573 (main) INFO  [uniandes.isis2304.parranderos.negocio.Alohandes] - Generando los VO de Operadores
19:26:31,583 (main) INFO  [uniandes.isis2304.parranderos.negocio.Alohandes] - Generando los VO de Operadores: 2 operadores existentes
19:26:31,583 (main) INFO  [uniandes.isis2304.parranderos.negocio.Alohandes] - Eliminando operador por Id: 24
19:26:31,603 (main) INFO  [uniandes.isis2304.parranderos.negocio.Alohandes] - Eliminado operador por Id: 24
19:26:31,603 (main) INFO  [uniandes.isis2304.parranderos.negocio.Alohandes] - Generando los VO de Operadores
19:26:31,615 (main) INFO  [uniandes.isis2304.parranderos.negocio.Alohandes] - Generando los VO de Operadores: 1 operadores existentes
19:26:31,616 (main) INFO  [uniandes.isis2304.parranderos.negocio.Alohandes] - Limpiando la BD de Alohandes
19:26:31,663 (main) INFO  [uniandes.isis2304.parranderos.persistencia.PersistenciaAlohandes] - Borrada la base de datos
19:26:31,663 (main) INFO  [uniandes.isis2304.parranderos.negocio.Alohandes] - Limpiando la BD de Alohandes: Listo!
19:26:31,671 (main) INFO  [uniandes.isis2304.parranderos.test.OperadorTest] - Probando la restricción de UNICIDAD del nombre del tipo de bebida
19:26:31,671 (main) INFO  [uniandes.isis2304.parranderos.test.OperadorTest] - Se encontró un archivo de configuración de tablas válido
19:26:31,856 (main) INFO  [uniandes.isis2304.parranderos.negocio.Alohandes] - Generando los VO de Operadores
19:26:31,870 (main) INFO  [uniandes.isis2304.parranderos.negocio.Alohandes] - Generando los VO de Operadores: 0 operadores existentes
19:26:31,870 (main) INFO  [uniandes.isis2304.parranderos.negocio.Alohandes] - Adicionando operador: Ritz
19:26:31,979 (main) ERROR [uniandes.isis2304.parranderos.persistencia.PersistenciaAlohandes] - Exception : Error executing SQL query "INSERT INTO OPERADORES(id, nombre, tipo) values (?, ?, ?)".
ORA-02290: check constraint (ISIS2304B23202310.CK_OP_TIPO) violated

19:26:31,987 (main) INFO  [uniandes.isis2304.parranderos.negocio.Alohandes] - Adicionando operador: null
19:26:31,987 (main) INFO  [uniandes.isis2304.parranderos.negocio.Alohandes] - Limpiando la BD de Alohandes
19:26:32,048 (main) INFO  [uniandes.isis2304.parranderos.persistencia.PersistenciaAlohandes] - Borrada la base de datos
19:26:32,048 (main) INFO  [uniandes.isis2304.parranderos.negocio.Alohandes] - Limpiando la BD de Alohandes: Listo!
19:26:32,055 (main) INFO  [uniandes.isis2304.parranderos.test.OperadorTest] - Probando la restricción de UNICIDAD del nombre del Operador
19:26:32,056 (main) INFO  [uniandes.isis2304.parranderos.test.OperadorTest] - Se encontró un archivo de configuración de tablas válido
19:26:32,211 (main) INFO  [uniandes.isis2304.parranderos.negocio.Alohandes] - Generando los VO de Operadores
19:26:32,221 (main) INFO  [uniandes.isis2304.parranderos.negocio.Alohandes] - Generando los VO de Operadores: 0 operadores existentes
19:26:32,221 (main) INFO  [uniandes.isis2304.parranderos.negocio.Alohandes] - Adicionando operador: Ritz
19:26:32,337 (main) INFO  [uniandes.isis2304.parranderos.negocio.Alohandes] - Adicionando operador: Operador [id=27, nombre=Ritz, tipo=Hotel]
19:26:32,337 (main) INFO  [uniandes.isis2304.parranderos.negocio.Alohandes] - Generando los VO de Operadores
19:26:32,348 (main) INFO  [uniandes.isis2304.parranderos.negocio.Alohandes] - Generando los VO de Operadores: 1 operadores existentes
19:26:32,348 (main) INFO  [uniandes.isis2304.parranderos.negocio.Alohandes] - Adicionando operador: Ritz
19:26:32,369 (main) ERROR [uniandes.isis2304.parranderos.persistencia.PersistenciaAlohandes] - Exception : Error executing SQL query "INSERT INTO OPERADORES(id, nombre, tipo) values (?, ?, ?)".
ORA-00001: unique constraint (ISIS2304B23202310.UN_TIPO_OP_NOMBRE) violated

19:26:32,377 (main) INFO  [uniandes.isis2304.parranderos.negocio.Alohandes] - Adicionando operador: null
19:26:32,377 (main) INFO  [uniandes.isis2304.parranderos.negocio.Alohandes] - Limpiando la BD de Alohandes
19:26:32,430 (main) INFO  [uniandes.isis2304.parranderos.persistencia.PersistenciaAlohandes] - Borrada la base de datos
19:26:32,430 (main) INFO  [uniandes.isis2304.parranderos.negocio.Alohandes] - Limpiando la BD de Alohandes: Listo!
19:26:32,439 (main) INFO  [uniandes.isis2304.parranderos.test.DetallesOperadorTest] - Probando la restricción de INTEGRIDAD  del DO
19:26:32,440 (main) INFO  [uniandes.isis2304.parranderos.test.DetallesOperadorTest] - Se encontró un archivo de configuración de tablas válido
19:26:32,579 (main) INFO  [uniandes.isis2304.parranderos.negocio.Alohandes] - Adicionando operador: Ritz
19:26:32,693 (main) INFO  [uniandes.isis2304.parranderos.negocio.Alohandes] - Adicionando operador: Operador [id=29, nombre=Ritz, tipo=Hotel]
19:26:32,693 (main) INFO  [uniandes.isis2304.parranderos.negocio.Alohandes] - Adicionando detalles del operador con id 29
19:26:32,709 (main) INFO  [uniandes.isis2304.parranderos.negocio.Alohandes] - Adicionado detalles del operador con id: 29
19:26:32,709 (main) INFO  [uniandes.isis2304.parranderos.negocio.Alohandes] - Adicionando detalles del operador con id 666
19:26:32,720 (main) ERROR [uniandes.isis2304.parranderos.persistencia.PersistenciaAlohandes] - Exception : Error executing SQL query "INSERT INTO DETALLE_OPERADORES(idoperador, registro_cc, registro_supert, vinculo) values (?, ?, ?, ?)".
ORA-02291: integrity constraint (ISIS2304B23202310.FK_DETALLE_OPERADORES) violated - parent key not found

19:26:32,730 (main) INFO  [uniandes.isis2304.parranderos.negocio.Alohandes] - Adicionado detalles del operador con id: 666
19:26:32,730 (main) INFO  [uniandes.isis2304.parranderos.negocio.Alohandes] - Eliminando operador y detalle por Id: 29
19:26:32,751 (main) INFO  [uniandes.isis2304.parranderos.negocio.Alohandes] - Eliminado operador y detalle por Id: 29
19:26:32,751 (main) INFO  [uniandes.isis2304.parranderos.negocio.Alohandes] - Listando DO
19:26:32,767 (main) INFO  [uniandes.isis2304.parranderos.negocio.Alohandes] - Listando DO: 0 operadores existentes
19:26:32,767 (main) INFO  [uniandes.isis2304.parranderos.negocio.Alohandes] - Listando Operadores
19:26:32,776 (main) INFO  [uniandes.isis2304.parranderos.negocio.Alohandes] - Listando Operadores: 0 operadores existentes
19:26:32,776 (main) INFO  [uniandes.isis2304.parranderos.negocio.Alohandes] - Limpiando la BD de Alohandes
19:26:32,819 (main) INFO  [uniandes.isis2304.parranderos.persistencia.PersistenciaAlohandes] - Borrada la base de datos
19:26:32,819 (main) INFO  [uniandes.isis2304.parranderos.negocio.Alohandes] - Limpiando la BD de Alohandes: Listo!
19:26:32,829 (main) INFO  [uniandes.isis2304.parranderos.test.DetallesOperadorTest] - Probando la restricción de UNICIDAD del idOperador del DO
19:26:32,829 (main) INFO  [uniandes.isis2304.parranderos.test.DetallesOperadorTest] - Se encontró un archivo de configuración de tablas válido
19:26:32,970 (main) INFO  [uniandes.isis2304.parranderos.negocio.Alohandes] - Adicionando operador: Ritz
19:26:33,065 (main) INFO  [uniandes.isis2304.parranderos.negocio.Alohandes] - Adicionando operador: Operador [id=30, nombre=Ritz, tipo=Hotel]
19:26:33,065 (main) INFO  [uniandes.isis2304.parranderos.negocio.Alohandes] - Adicionando detalles del operador con id 30
19:26:33,077 (main) INFO  [uniandes.isis2304.parranderos.negocio.Alohandes] - Adicionado detalles del operador con id: 30
19:26:33,077 (main) INFO  [uniandes.isis2304.parranderos.negocio.Alohandes] - Adicionando detalles del operador con id 30
19:26:33,087 (main) ERROR [uniandes.isis2304.parranderos.persistencia.PersistenciaAlohandes] - Exception : Error executing SQL query "INSERT INTO DETALLE_OPERADORES(idoperador, registro_cc, registro_supert, vinculo) values (?, ?, ?, ?)".
ORA-00001: unique constraint (ISIS2304B23202310.UN_TIPO_OP_FK) violated

19:26:33,096 (main) INFO  [uniandes.isis2304.parranderos.negocio.Alohandes] - Adicionado detalles del operador con id: 30
19:26:33,096 (main) INFO  [uniandes.isis2304.parranderos.negocio.Alohandes] - Limpiando la BD de Alohandes
19:26:33,149 (main) INFO  [uniandes.isis2304.parranderos.persistencia.PersistenciaAlohandes] - Borrada la base de datos
19:26:33,149 (main) INFO  [uniandes.isis2304.parranderos.negocio.Alohandes] - Limpiando la BD de Alohandes: Listo!
19:26:33,157 (main) INFO  [uniandes.isis2304.parranderos.test.DetallesOperadorTest] - Probando la restricción de CHEQUEO del DO
19:26:33,157 (main) INFO  [uniandes.isis2304.parranderos.test.DetallesOperadorTest] - Se encontró un archivo de configuración de tablas válido
19:26:33,314 (main) INFO  [uniandes.isis2304.parranderos.negocio.Alohandes] - Adicionando operador: Ritz
19:26:33,410 (main) INFO  [uniandes.isis2304.parranderos.negocio.Alohandes] - Adicionando operador: Operador [id=31, nombre=Ritz, tipo=Hotel]
19:26:33,410 (main) INFO  [uniandes.isis2304.parranderos.negocio.Alohandes] - Adicionando operador: Magola
19:26:33,432 (main) INFO  [uniandes.isis2304.parranderos.negocio.Alohandes] - Adicionando operador: Operador [id=32, nombre=Magola, tipo=Hostal]
19:26:33,432 (main) INFO  [uniandes.isis2304.parranderos.negocio.Alohandes] - Adicionando detalles del operador con id 31
19:26:33,446 (main) INFO  [uniandes.isis2304.parranderos.negocio.Alohandes] - Adicionado detalles del operador con id: 31
19:26:33,446 (main) INFO  [uniandes.isis2304.parranderos.negocio.Alohandes] - Adicionando detalles del operador con id 32
19:26:33,452 (main) ERROR [uniandes.isis2304.parranderos.persistencia.PersistenciaAlohandes] - Exception : Error executing SQL query "INSERT INTO DETALLE_OPERADORES(idoperador, registro_cc, registro_supert, vinculo) values (?, ?, ?, ?)".
ORA-02290: check constraint (ISIS2304B23202310.CK_DO_VINCULO) violated

19:26:33,459 (main) INFO  [uniandes.isis2304.parranderos.negocio.Alohandes] - Adicionado detalles del operador con id: 32
19:26:33,459 (main) INFO  [uniandes.isis2304.parranderos.negocio.Alohandes] - Limpiando la BD de Alohandes
19:26:33,525 (main) INFO  [uniandes.isis2304.parranderos.persistencia.PersistenciaAlohandes] - Borrada la base de datos
19:26:33,525 (main) INFO  [uniandes.isis2304.parranderos.negocio.Alohandes] - Limpiando la BD de Alohandes: Listo!
19:26:33,533 (main) INFO  [uniandes.isis2304.parranderos.test.TieneServicioTest] - Probando la restricción de INTEGRIDAD  del DA
19:26:33,533 (main) INFO  [uniandes.isis2304.parranderos.test.TieneServicioTest] - Se encontró un archivo de configuración de tablas válido
19:26:33,690 (main) INFO  [uniandes.isis2304.parranderos.negocio.Alohandes] - Adicionando operador: Ritz
19:26:33,853 (main) INFO  [uniandes.isis2304.parranderos.negocio.Alohandes] - Adicionando operador: Operador [id=33, nombre=Ritz, tipo=Hotel]
19:26:33,853 (main) INFO  [uniandes.isis2304.parranderos.negocio.Alohandes] - Adicionando alohamiento al operador con id: 33
19:26:33,881 (main) INFO  [uniandes.isis2304.parranderos.negocio.Alohandes] - Adicionado alojamiento al operador: 33
19:26:33,881 (main) INFO  [uniandes.isis2304.parranderos.negocio.Alohandes] - Adicionando servicio con el nombre: Jacuzzi
19:26:33,904 (main) INFO  [uniandes.isis2304.parranderos.negocio.Alohandes] - Adicionado servicio con el id: 35
19:26:33,904 (main) INFO  [uniandes.isis2304.parranderos.negocio.Alohandes] - Adicionando TS con el id de alojamiento: 34
19:26:33,916 (main) INFO  [uniandes.isis2304.parranderos.negocio.Alohandes] - Adicionado TS con el id de alojamiento: 34
19:26:33,916 (main) INFO  [uniandes.isis2304.parranderos.negocio.Alohandes] - Adicionando TS con el id de alojamiento: 666
19:26:33,927 (main) ERROR [uniandes.isis2304.parranderos.persistencia.PersistenciaAlohandes] - Exception : Error executing SQL query "INSERT INTO TIENE_SERVICIO(idalojamiento, idservicio) values (?, ?)".
ORA-02291: integrity constraint (ISIS2304B23202310.FK_TS_ALOJAMIENTO) violated - parent key not found

19:26:33,935 (main) INFO  [uniandes.isis2304.parranderos.negocio.Alohandes] - Adicionado TS con el id de alojamiento: 666
19:26:33,935 (main) INFO  [uniandes.isis2304.parranderos.negocio.Alohandes] - Limpiando la BD de Alohandes
19:26:34,011 (main) INFO  [uniandes.isis2304.parranderos.persistencia.PersistenciaAlohandes] - Borrada la base de datos
19:26:34,011 (main) INFO  [uniandes.isis2304.parranderos.negocio.Alohandes] - Limpiando la BD de Alohandes: Listo!
19:26:34,020 (main) INFO  [uniandes.isis2304.parranderos.test.TieneServicioTest] - Probando la restricción de UNICIDAD del idAlojamiento del DA
19:26:34,020 (main) INFO  [uniandes.isis2304.parranderos.test.TieneServicioTest] - Se encontró un archivo de configuración de tablas válido
19:26:34,204 (main) INFO  [uniandes.isis2304.parranderos.negocio.Alohandes] - Adicionando operador: Ritz
19:26:34,330 (main) INFO  [uniandes.isis2304.parranderos.negocio.Alohandes] - Adicionando operador: Operador [id=36, nombre=Ritz, tipo=Hotel]
19:26:34,330 (main) INFO  [uniandes.isis2304.parranderos.negocio.Alohandes] - Adicionando alohamiento al operador con id: 36
19:26:34,360 (main) INFO  [uniandes.isis2304.parranderos.negocio.Alohandes] - Adicionado alojamiento al operador: 36
19:26:34,360 (main) INFO  [uniandes.isis2304.parranderos.negocio.Alohandes] - Adicionando servicio con el nombre: Jacuzzi
19:26:34,385 (main) INFO  [uniandes.isis2304.parranderos.negocio.Alohandes] - Adicionado servicio con el id: 38
19:26:34,385 (main) INFO  [uniandes.isis2304.parranderos.negocio.Alohandes] - Adicionando TS con el id de alojamiento: 37
19:26:34,402 (main) INFO  [uniandes.isis2304.parranderos.negocio.Alohandes] - Adicionado TS con el id de alojamiento: 37
19:26:34,402 (main) INFO  [uniandes.isis2304.parranderos.negocio.Alohandes] - Adicionando TS con el id de alojamiento: 37
19:26:34,413 (main) ERROR [uniandes.isis2304.parranderos.persistencia.PersistenciaAlohandes] - Exception : Error executing SQL query "INSERT INTO TIENE_SERVICIO(idalojamiento, idservicio) values (?, ?)".
ORA-00001: unique constraint (ISIS2304B23202310.TIENE_SERVICIO_PK) violated

19:26:34,420 (main) INFO  [uniandes.isis2304.parranderos.negocio.Alohandes] - Adicionado TS con el id de alojamiento: 37
19:26:34,420 (main) INFO  [uniandes.isis2304.parranderos.negocio.Alohandes] - Limpiando la BD de Alohandes
19:26:34,463 (main) INFO  [uniandes.isis2304.parranderos.persistencia.PersistenciaAlohandes] - Borrada la base de datos
19:26:34,463 (main) INFO  [uniandes.isis2304.parranderos.negocio.Alohandes] - Limpiando la BD de Alohandes: Listo!
19:26:34,472 (main) INFO  [uniandes.isis2304.parranderos.test.OfertaTest] - Probando las operaciones CRD sobre TipoBebida
19:26:34,472 (main) INFO  [uniandes.isis2304.parranderos.test.OfertaTest] - Se encontró un archivo de configuración de tablas válido
19:26:34,658 (main) INFO  [uniandes.isis2304.parranderos.negocio.Alohandes] - Listando Ofertas
19:26:34,751 (main) INFO  [uniandes.isis2304.parranderos.negocio.Alohandes] - Listando Ofertas: 0 Ofertas existentes
19:26:34,751 (main) INFO  [uniandes.isis2304.parranderos.negocio.Alohandes] - Adicionando operador: Ritz
19:26:34,776 (main) ERROR [uniandes.isis2304.parranderos.persistencia.PersistenciaAlohandes] - Exception : Error executing SQL query "INSERT INTO OPERADORES(id, nombre, tipo) values (?, ?, ?)".
ORA-02290: check constraint (ISIS2304B23202310.CK_OP_TIPO) violated

19:26:34,785 (main) INFO  [uniandes.isis2304.parranderos.negocio.Alohandes] - Adicionando operador: null
19:26:34,786 (main) INFO  [uniandes.isis2304.parranderos.negocio.Alohandes] - Limpiando la BD de Alohandes
19:26:34,832 (main) INFO  [uniandes.isis2304.parranderos.persistencia.PersistenciaAlohandes] - Borrada la base de datos
19:26:34,833 (main) INFO  [uniandes.isis2304.parranderos.negocio.Alohandes] - Limpiando la BD de Alohandes: Listo!
19:26:34,842 (main) INFO  [uniandes.isis2304.parranderos.test.OfertaTest] - Probando la restricción de UNICIDAD del nombre del tipo de bebida
19:26:34,842 (main) INFO  [uniandes.isis2304.parranderos.test.OfertaTest] - Se encontró un archivo de configuración de tablas válido
19:26:34,989 (main) INFO  [uniandes.isis2304.parranderos.negocio.Alohandes] - Listando Ofertas
19:26:35,075 (main) INFO  [uniandes.isis2304.parranderos.negocio.Alohandes] - Listando Ofertas: 0 Ofertas existentes
19:26:35,075 (main) INFO  [uniandes.isis2304.parranderos.negocio.Alohandes] - Adicionando operador: Ritz
19:26:35,096 (main) ERROR [uniandes.isis2304.parranderos.persistencia.PersistenciaAlohandes] - Exception : Error executing SQL query "INSERT INTO OPERADORES(id, nombre, tipo) values (?, ?, ?)".
ORA-02290: check constraint (ISIS2304B23202310.CK_OP_TIPO) violated

19:26:35,104 (main) INFO  [uniandes.isis2304.parranderos.negocio.Alohandes] - Adicionando operador: null
19:26:35,104 (main) INFO  [uniandes.isis2304.parranderos.negocio.Alohandes] - Limpiando la BD de Alohandes
19:26:35,173 (main) INFO  [uniandes.isis2304.parranderos.persistencia.PersistenciaAlohandes] - Borrada la base de datos
19:26:35,173 (main) INFO  [uniandes.isis2304.parranderos.negocio.Alohandes] - Limpiando la BD de Alohandes: Listo!
19:26:35,181 (main) INFO  [uniandes.isis2304.parranderos.test.OfertaTest] - Probando la restricción de UNICIDAD de oferta
19:26:35,183 (main) INFO  [uniandes.isis2304.parranderos.test.OfertaTest] - Se encontró un archivo de configuración de tablas válido
19:26:35,330 (main) INFO  [uniandes.isis2304.parranderos.negocio.Alohandes] - Listando Ofertas
19:26:35,422 (main) INFO  [uniandes.isis2304.parranderos.negocio.Alohandes] - Listando Ofertas: 0 Ofertas existentes
19:26:35,422 (main) INFO  [uniandes.isis2304.parranderos.negocio.Alohandes] - Adicionando operador: Ritz
19:26:35,445 (main) INFO  [uniandes.isis2304.parranderos.negocio.Alohandes] - Adicionando operador: Operador [id=41, nombre=Ritz, tipo=Hotel]
19:26:35,445 (main) INFO  [uniandes.isis2304.parranderos.negocio.Alohandes] - Adicionando alohamiento al operador con id: 41
19:26:35,476 (main) INFO  [uniandes.isis2304.parranderos.negocio.Alohandes] - Adicionado alojamiento al operador: 41
19:26:35,476 (main) INFO  [uniandes.isis2304.parranderos.negocio.Alohandes] - Adicionando oferta del operador con id: 41
19:26:35,499 (main) INFO  [uniandes.isis2304.parranderos.negocio.Alohandes] - Adicionando oferta  con id: 43 y fecha: 1899-12-31 00:00:00.0
19:26:35,499 (main) INFO  [uniandes.isis2304.parranderos.negocio.Alohandes] - Listando Ofertas
19:26:35,511 (main) INFO  [uniandes.isis2304.parranderos.negocio.Alohandes] - Oferta: Oferta [id=43, idAlojamiento=42, idOperador=41, fecha=1899-12-31 00:00:00.0, costo=1.0, tiempoLimiteDias=1]
19:26:35,511 (main) INFO  [uniandes.isis2304.parranderos.negocio.Alohandes] - Listando Ofertas: 1 Ofertas existentes
19:26:35,511 (main) INFO  [uniandes.isis2304.parranderos.negocio.Alohandes] - Limpiando la BD de Alohandes
19:26:35,560 (main) INFO  [uniandes.isis2304.parranderos.persistencia.PersistenciaAlohandes] - Borrada la base de datos
19:26:35,560 (main) INFO  [uniandes.isis2304.parranderos.negocio.Alohandes] - Limpiando la BD de Alohandes: Listo!
19:26:35,570 (main) INFO  [uniandes.isis2304.parranderos.test.OfertaTest] - Probando la restricción de UNICIDAD del nombre del tipo de bebida
19:26:35,570 (main) INFO  [uniandes.isis2304.parranderos.test.OfertaTest] - Se encontró un archivo de configuración de tablas válido
19:26:35,721 (main) INFO  [uniandes.isis2304.parranderos.negocio.Alohandes] - Listando Residen
19:26:36,028 (main) INFO  [uniandes.isis2304.parranderos.negocio.Alohandes] - Listando Residen: 0 Residen existentes
19:26:36,028 (main) INFO  [uniandes.isis2304.parranderos.negocio.Alohandes] - Adicionando operador: Ritz
19:26:36,052 (main) INFO  [uniandes.isis2304.parranderos.negocio.Alohandes] - Adicionando operador: Operador [id=44, nombre=Ritz, tipo=Hotel]
19:26:36,052 (main) INFO  [uniandes.isis2304.parranderos.negocio.Alohandes] - Adicionando alohamiento al operador con id: 44
19:26:36,095 (main) INFO  [uniandes.isis2304.parranderos.negocio.Alohandes] - Adicionado alojamiento al operador: 44
19:26:36,095 (main) INFO  [uniandes.isis2304.parranderos.negocio.Alohandes] - Adicionando oferta del operador con id: 44
19:26:36,116 (main) INFO  [uniandes.isis2304.parranderos.negocio.Alohandes] - Adicionando oferta  con id: 46 y fecha: 1899-12-31 00:00:00.0
19:26:36,116 (main) INFO  [uniandes.isis2304.parranderos.negocio.Alohandes] - Adicionando residente con el nombre: Juan
19:26:36,144 (main) INFO  [uniandes.isis2304.parranderos.negocio.Alohandes] - Adicionando residen  con id: 47 y nombre: Juan
19:26:36,144 (main) INFO  [uniandes.isis2304.parranderos.negocio.Alohandes] - Adicionando reserva del residente con id: 47
19:26:36,171 (main) INFO  [uniandes.isis2304.parranderos.negocio.Alohandes] - Adicionando reserva del residente con id: 47
19:26:36,171 (main) INFO  [uniandes.isis2304.parranderos.negocio.Alohandes] - Adicionando residen del residente con id: 48
19:26:36,202 (main) INFO  [uniandes.isis2304.parranderos.negocio.Alohandes] - Adicionando residen con id de reserva: 48
19:26:36,202 (main) INFO  [uniandes.isis2304.parranderos.negocio.Alohandes] - Listando Residen
19:26:36,216 (main) INFO  [uniandes.isis2304.parranderos.negocio.Alohandes] - Residen: Residen [idReserva=48, idOferta=46]
19:26:36,216 (main) INFO  [uniandes.isis2304.parranderos.negocio.Alohandes] - Listando Residen: 1 Residen existentes
19:26:36,216 (main) INFO  [uniandes.isis2304.parranderos.negocio.Alohandes] - Adicionando residen del residente con id: 48
19:26:36,236 (main) ERROR [uniandes.isis2304.parranderos.persistencia.PersistenciaAlohandes] - Exception : Error executing SQL query "INSERT INTO RESIDEN(idreserva, idoferta) values (?, ?)".
ORA-00001: unique constraint (ISIS2304B23202310.RESIDEN_PK) violated

19:26:36,245 (main) INFO  [uniandes.isis2304.parranderos.negocio.Alohandes] - Adicionando residen con id de reserva: 48
19:26:36,245 (main) INFO  [uniandes.isis2304.parranderos.negocio.Alohandes] - Limpiando la BD de Alohandes
19:26:36,297 (main) INFO  [uniandes.isis2304.parranderos.persistencia.PersistenciaAlohandes] - Borrada la base de datos
19:26:36,298 (main) INFO  [uniandes.isis2304.parranderos.negocio.Alohandes] - Limpiando la BD de Alohandes: Listo!
19:26:36,307 (main) INFO  [uniandes.isis2304.parranderos.test.OfertaTest] - Probando las operaciones CRD sobre TipoBebida
19:26:36,307 (main) INFO  [uniandes.isis2304.parranderos.test.OfertaTest] - Se encontró un archivo de configuración de tablas válido
19:26:36,465 (main) INFO  [uniandes.isis2304.parranderos.negocio.Alohandes] - Listando Residen
19:26:36,553 (main) INFO  [uniandes.isis2304.parranderos.negocio.Alohandes] - Listando Residen: 0 Residen existentes
19:26:36,553 (main) INFO  [uniandes.isis2304.parranderos.negocio.Alohandes] - Adicionando operador: Ritz
19:26:36,578 (main) INFO  [uniandes.isis2304.parranderos.negocio.Alohandes] - Adicionando operador: Operador [id=49, nombre=Ritz, tipo=Hotel]
19:26:36,578 (main) INFO  [uniandes.isis2304.parranderos.negocio.Alohandes] - Adicionando alohamiento al operador con id: 49
19:26:36,600 (main) INFO  [uniandes.isis2304.parranderos.negocio.Alohandes] - Adicionado alojamiento al operador: 49
19:26:36,600 (main) INFO  [uniandes.isis2304.parranderos.negocio.Alohandes] - Adicionando oferta del operador con id: 49
19:26:36,623 (main) INFO  [uniandes.isis2304.parranderos.negocio.Alohandes] - Adicionando oferta  con id: 51 y fecha: 1899-12-31 00:00:00.0
19:26:36,623 (main) INFO  [uniandes.isis2304.parranderos.negocio.Alohandes] - Adicionando residente con el nombre: Juan
19:26:36,643 (main) INFO  [uniandes.isis2304.parranderos.negocio.Alohandes] - Adicionando residen  con id: 52 y nombre: Juan
19:26:36,643 (main) INFO  [uniandes.isis2304.parranderos.negocio.Alohandes] - Adicionando reserva del residente con id: 52
19:26:36,663 (main) INFO  [uniandes.isis2304.parranderos.negocio.Alohandes] - Adicionando reserva del residente con id: 52
19:26:36,663 (main) INFO  [uniandes.isis2304.parranderos.negocio.Alohandes] - Adicionando residen del residente con id: 53
19:26:36,687 (main) INFO  [uniandes.isis2304.parranderos.negocio.Alohandes] - Adicionando residen con id de reserva: 53
19:26:36,687 (main) INFO  [uniandes.isis2304.parranderos.negocio.Alohandes] - Listando Residen
19:26:36,698 (main) INFO  [uniandes.isis2304.parranderos.negocio.Alohandes] - Residen: Residen [idReserva=53, idOferta=51]
19:26:36,698 (main) INFO  [uniandes.isis2304.parranderos.negocio.Alohandes] - Listando Residen: 1 Residen existentes
19:26:36,698 (main) INFO  [uniandes.isis2304.parranderos.negocio.Alohandes] - Adicionando operador: Ritzax
19:26:36,721 (main) INFO  [uniandes.isis2304.parranderos.negocio.Alohandes] - Adicionando operador: Operador [id=54, nombre=Ritzax, tipo=Hotel]
19:26:36,721 (main) INFO  [uniandes.isis2304.parranderos.negocio.Alohandes] - Adicionando alohamiento al operador con id: 54
19:26:36,742 (main) INFO  [uniandes.isis2304.parranderos.negocio.Alohandes] - Adicionado alojamiento al operador: 54
19:26:36,742 (main) INFO  [uniandes.isis2304.parranderos.negocio.Alohandes] - Adicionando oferta del operador con id: 54
19:26:36,762 (main) INFO  [uniandes.isis2304.parranderos.negocio.Alohandes] - Adicionando oferta  con id: 56 y fecha: 1899-12-31 00:00:00.0
19:26:36,762 (main) INFO  [uniandes.isis2304.parranderos.negocio.Alohandes] - Adicionando residente con el nombre: Juanitolbn
19:26:36,785 (main) INFO  [uniandes.isis2304.parranderos.negocio.Alohandes] - Adicionando residen  con id: 57 y nombre: Juanitolbn
19:26:36,785 (main) INFO  [uniandes.isis2304.parranderos.negocio.Alohandes] - Adicionando reserva del residente con id: 57
19:26:36,810 (main) INFO  [uniandes.isis2304.parranderos.negocio.Alohandes] - Adicionando reserva del residente con id: 57
19:26:36,810 (main) INFO  [uniandes.isis2304.parranderos.negocio.Alohandes] - Adicionando residen del residente con id: 58
19:26:36,833 (main) INFO  [uniandes.isis2304.parranderos.negocio.Alohandes] - Adicionando residen con id de reserva: 58
19:26:36,833 (main) INFO  [uniandes.isis2304.parranderos.negocio.Alohandes] - Eliminando Residen con idReserva: 53 y idOferta: 51
19:26:36,849 (main) INFO  [uniandes.isis2304.parranderos.negocio.Alohandes] - Eliminando Residen con idReserva: 53 y idOferta: 51
19:26:36,849 (main) INFO  [uniandes.isis2304.parranderos.negocio.Alohandes] - Listando Residen
19:26:36,861 (main) INFO  [uniandes.isis2304.parranderos.negocio.Alohandes] - Residen: Residen [idReserva=58, idOferta=56]
19:26:36,861 (main) INFO  [uniandes.isis2304.parranderos.negocio.Alohandes] - Listando Residen: 1 Residen existentes
19:26:36,861 (main) INFO  [uniandes.isis2304.parranderos.negocio.Alohandes] - Limpiando la BD de Alohandes
19:26:36,911 (main) INFO  [uniandes.isis2304.parranderos.persistencia.PersistenciaAlohandes] - Borrada la base de datos
19:26:36,911 (main) INFO  [uniandes.isis2304.parranderos.negocio.Alohandes] - Limpiando la BD de Alohandes: Listo!
19:26:36,922 (main) INFO  [uniandes.isis2304.parranderos.test.AlojamientoTest] - Probando la restricción de UNICIDAD del nombre del tipo de residente
19:26:36,922 (main) INFO  [uniandes.isis2304.parranderos.test.AlojamientoTest] - Se encontró un archivo de configuración de tablas válido
19:26:37,052 (main) INFO  [uniandes.isis2304.parranderos.negocio.Alohandes] - Generando los VO de Residentes
19:26:37,134 (main) INFO  [uniandes.isis2304.parranderos.negocio.Alohandes] - Generando los VO de Residentes: 0 residentes existentes
19:26:37,134 (main) INFO  [uniandes.isis2304.parranderos.negocio.Alohandes] - Adicionando residente con el nombre: Miguel
19:26:37,153 (main) ERROR [uniandes.isis2304.parranderos.persistencia.PersistenciaAlohandes] - Exception : Error executing SQL query "INSERT INTO RESIDENTE(id, nombre, vinculo) values (?, ?, ?)".
ORA-02290: check constraint (ISIS2304B23202310.CK_R_TIPO) violated

19:26:37,160 (main) INFO  [uniandes.isis2304.parranderos.negocio.Alohandes] - Limpiando la BD de Alohandes
19:26:37,206 (main) INFO  [uniandes.isis2304.parranderos.persistencia.PersistenciaAlohandes] - Borrada la base de datos
19:26:37,207 (main) INFO  [uniandes.isis2304.parranderos.negocio.Alohandes] - Limpiando la BD de Alohandes: Listo!
19:26:37,215 (main) INFO  [uniandes.isis2304.parranderos.test.AlojamientoTest] - Probando las operaciones CRD sobre TipoBebida
19:26:37,215 (main) INFO  [uniandes.isis2304.parranderos.test.AlojamientoTest] - Se encontró un archivo de configuración de tablas válido
19:26:37,344 (main) INFO  [uniandes.isis2304.parranderos.negocio.Alohandes] - Generando los VO de Residentes
19:26:37,440 (main) INFO  [uniandes.isis2304.parranderos.negocio.Alohandes] - Generando los VO de Residentes: 0 residentes existentes
19:26:37,440 (main) INFO  [uniandes.isis2304.parranderos.negocio.Alohandes] - Adicionando residente con el nombre: Miguel
19:26:37,466 (main) INFO  [uniandes.isis2304.parranderos.negocio.Alohandes] - Adicionando residen  con id: 60 y nombre: Miguel
19:26:37,466 (main) INFO  [uniandes.isis2304.parranderos.negocio.Alohandes] - Generando los VO de Residentes
19:26:37,481 (main) INFO  [uniandes.isis2304.parranderos.negocio.Alohandes] - Generando los VO de Residentes: 1 residentes existentes
19:26:37,481 (main) INFO  [uniandes.isis2304.parranderos.negocio.Alohandes] - Adicionando residente con el nombre: Juan
19:26:37,506 (main) INFO  [uniandes.isis2304.parranderos.negocio.Alohandes] - Adicionando residen  con id: 61 y nombre: Juan
19:26:37,506 (main) INFO  [uniandes.isis2304.parranderos.negocio.Alohandes] - Generando los VO de Residentes
19:26:37,518 (main) INFO  [uniandes.isis2304.parranderos.negocio.Alohandes] - Generando los VO de Residentes: 2 residentes existentes
19:26:37,518 (main) INFO  [uniandes.isis2304.parranderos.negocio.Alohandes] - Eliminando Residente con idResidente: 60
19:26:37,535 (main) INFO  [uniandes.isis2304.parranderos.negocio.Alohandes] - Eliminando Residente con idResidente: 60
19:26:37,535 (main) INFO  [uniandes.isis2304.parranderos.negocio.Alohandes] - Generando los VO de Residentes
19:26:37,550 (main) INFO  [uniandes.isis2304.parranderos.negocio.Alohandes] - Generando los VO de Residentes: 1 residentes existentes
19:26:37,550 (main) INFO  [uniandes.isis2304.parranderos.negocio.Alohandes] - Limpiando la BD de Alohandes
19:26:37,595 (main) INFO  [uniandes.isis2304.parranderos.persistencia.PersistenciaAlohandes] - Borrada la base de datos
19:26:37,595 (main) INFO  [uniandes.isis2304.parranderos.negocio.Alohandes] - Limpiando la BD de Alohandes: Listo!
19:26:37,603 (main) INFO  [uniandes.isis2304.parranderos.test.AlojamientoTest] - Probando la restricción de UNICIDAD del nombre del tipo de bebida
19:26:37,603 (main) INFO  [uniandes.isis2304.parranderos.test.AlojamientoTest] - Se encontró un archivo de configuración de tablas válido
19:26:37,757 (main) INFO  [uniandes.isis2304.parranderos.negocio.Alohandes] - Generando los VO de Residentes
19:26:37,853 (main) INFO  [uniandes.isis2304.parranderos.negocio.Alohandes] - Generando los VO de Residentes: 0 residentes existentes
19:26:37,853 (main) INFO  [uniandes.isis2304.parranderos.negocio.Alohandes] - Adicionando residente con el nombre: Miguel
19:26:37,878 (main) INFO  [uniandes.isis2304.parranderos.negocio.Alohandes] - Adicionando residen  con id: 62 y nombre: Miguel
19:26:37,878 (main) INFO  [uniandes.isis2304.parranderos.negocio.Alohandes] - Generando los VO de Residentes
19:26:37,893 (main) INFO  [uniandes.isis2304.parranderos.negocio.Alohandes] - Generando los VO de Residentes: 1 residentes existentes
19:26:37,893 (main) INFO  [uniandes.isis2304.parranderos.negocio.Alohandes] - Limpiando la BD de Alohandes
19:26:37,937 (main) INFO  [uniandes.isis2304.parranderos.persistencia.PersistenciaAlohandes] - Borrada la base de datos
19:26:37,937 (main) INFO  [uniandes.isis2304.parranderos.negocio.Alohandes] - Limpiando la BD de Alohandes: Listo!
19:26:37,946 (main) INFO  [uniandes.isis2304.parranderos.test.DetallesAlojTest] - Probando la restricción de INTEGRIDAD  del DA
19:26:37,947 (main) INFO  [uniandes.isis2304.parranderos.test.DetallesAlojTest] - Se encontró un archivo de configuración de tablas válido
19:26:38,102 (main) INFO  [uniandes.isis2304.parranderos.negocio.Alohandes] - Adicionando operador: Ritz
19:26:38,196 (main) INFO  [uniandes.isis2304.parranderos.negocio.Alohandes] - Adicionando operador: Operador [id=63, nombre=Ritz, tipo=Hotel]
19:26:38,196 (main) INFO  [uniandes.isis2304.parranderos.negocio.Alohandes] - Adicionando alohamiento al operador con id: 63
19:26:38,220 (main) INFO  [uniandes.isis2304.parranderos.negocio.Alohandes] - Adicionado alojamiento al operador: 63
19:26:38,220 (main) INFO  [uniandes.isis2304.parranderos.negocio.Alohandes] - Adicionando detalles del alojamiento con id 64
19:26:38,239 (main) INFO  [uniandes.isis2304.parranderos.negocio.Alohandes] - Adicionado detalles del alojamiento con id: 64
19:26:38,239 (main) INFO  [uniandes.isis2304.parranderos.negocio.Alohandes] - Adicionando detalles del alojamiento con id 666
19:26:38,249 (main) ERROR [uniandes.isis2304.parranderos.persistencia.PersistenciaAlohandes] - Exception : Error executing SQL query "INSERT INTO DETALLES_ALOJ(idalojamiento, categoria, capacidad, servicios, costo_seguro, costo_admon, amoblado ) values (?, ?, ?, ?, ?, ?, ?)".
ORA-02291: integrity constraint (ISIS2304B23202310.FK_DA_ALOJAMIENTO) violated - parent key not found

19:26:38,256 (main) INFO  [uniandes.isis2304.parranderos.negocio.Alohandes] - Adicionado detalles del alojamiento con id: 666
19:26:38,256 (main) INFO  [uniandes.isis2304.parranderos.negocio.Alohandes] - Eliminando alojamiento y detalle por Id: 64
19:26:38,275 (main) INFO  [uniandes.isis2304.parranderos.negocio.Alohandes] - Eliminado alojamiento y detalle por Id: 64
19:26:38,275 (main) INFO  [uniandes.isis2304.parranderos.negocio.Alohandes] - Generando los VO de Operadores
19:26:38,292 (main) INFO  [uniandes.isis2304.parranderos.negocio.Alohandes] - Generando los VO de Alojamientos: 0 alojamientos existentes
19:26:38,292 (main) INFO  [uniandes.isis2304.parranderos.negocio.Alohandes] - Listando Alojamientos
19:26:38,303 (main) INFO  [uniandes.isis2304.parranderos.negocio.Alohandes] - Listando Alojamientos: 0 alojamientos existentes
19:26:38,304 (main) INFO  [uniandes.isis2304.parranderos.negocio.Alohandes] - Limpiando la BD de Alohandes
19:26:38,348 (main) INFO  [uniandes.isis2304.parranderos.persistencia.PersistenciaAlohandes] - Borrada la base de datos
19:26:38,348 (main) INFO  [uniandes.isis2304.parranderos.negocio.Alohandes] - Limpiando la BD de Alohandes: Listo!
19:26:38,358 (main) INFO  [uniandes.isis2304.parranderos.test.DetallesAlojTest] - Probando la restricción de UNICIDAD del idAlojamiento del DA
19:26:38,358 (main) INFO  [uniandes.isis2304.parranderos.test.DetallesAlojTest] - Se encontró un archivo de configuración de tablas válido
19:26:38,529 (main) INFO  [uniandes.isis2304.parranderos.negocio.Alohandes] - Generando los VO de Operadores
19:26:38,539 (main) INFO  [uniandes.isis2304.parranderos.negocio.Alohandes] - Generando los VO de Alojamientos: 0 alojamientos existentes
19:26:38,539 (main) INFO  [uniandes.isis2304.parranderos.negocio.Alohandes] - Adicionando operador: Ritz
19:26:38,646 (main) INFO  [uniandes.isis2304.parranderos.negocio.Alohandes] - Adicionando operador: Operador [id=65, nombre=Ritz, tipo=Hotel]
19:26:38,646 (main) INFO  [uniandes.isis2304.parranderos.negocio.Alohandes] - Adicionando alohamiento al operador con id: 65
19:26:38,677 (main) INFO  [uniandes.isis2304.parranderos.negocio.Alohandes] - Adicionado alojamiento al operador: 65
19:26:38,677 (main) INFO  [uniandes.isis2304.parranderos.negocio.Alohandes] - Adicionando detalles del alojamiento con id 66
19:26:38,691 (main) INFO  [uniandes.isis2304.parranderos.negocio.Alohandes] - Adicionado detalles del alojamiento con id: 66
19:26:38,691 (main) INFO  [uniandes.isis2304.parranderos.negocio.Alohandes] - Adicionando detalles del alojamiento con id 66
19:26:38,699 (main) ERROR [uniandes.isis2304.parranderos.persistencia.PersistenciaAlohandes] - Exception : Error executing SQL query "INSERT INTO DETALLES_ALOJ(idalojamiento, categoria, capacidad, servicios, costo_seguro, costo_admon, amoblado ) values (?, ?, ?, ?, ?, ?, ?)".
ORA-00001: unique constraint (ISIS2304B23202310.DETALLES_ALOJ_PK) violated

19:26:38,707 (main) INFO  [uniandes.isis2304.parranderos.negocio.Alohandes] - Adicionado detalles del alojamiento con id: 66
19:26:38,707 (main) INFO  [uniandes.isis2304.parranderos.negocio.Alohandes] - Limpiando la BD de Alohandes
19:26:38,793 (main) INFO  [uniandes.isis2304.parranderos.persistencia.PersistenciaAlohandes] - Borrada la base de datos
19:26:38,793 (main) INFO  [uniandes.isis2304.parranderos.negocio.Alohandes] - Limpiando la BD de Alohandes: Listo!
19:26:38,800 (main) INFO  [uniandes.isis2304.parranderos.test.DetallesAlojTest] - Probando la restricción de CHEQUEO del DO
19:26:38,801 (main) INFO  [uniandes.isis2304.parranderos.test.DetallesAlojTest] - Se encontró un archivo de configuración de tablas válido
19:26:38,984 (main) INFO  [uniandes.isis2304.parranderos.negocio.Alohandes] - Adicionando operador: Ritz
19:26:39,140 (main) INFO  [uniandes.isis2304.parranderos.negocio.Alohandes] - Adicionando operador: Operador [id=67, nombre=Ritz, tipo=Hotel]
19:26:39,140 (main) INFO  [uniandes.isis2304.parranderos.negocio.Alohandes] - Adicionando operador: Magola
19:26:39,163 (main) INFO  [uniandes.isis2304.parranderos.negocio.Alohandes] - Adicionando operador: Operador [id=68, nombre=Magola, tipo=Hostal]
19:26:39,163 (main) INFO  [uniandes.isis2304.parranderos.negocio.Alohandes] - Adicionando alohamiento al operador con id: 67
19:26:39,210 (main) INFO  [uniandes.isis2304.parranderos.negocio.Alohandes] - Adicionado alojamiento al operador: 67
19:26:39,210 (main) INFO  [uniandes.isis2304.parranderos.negocio.Alohandes] - Adicionando alohamiento al operador con id: 68
19:26:39,231 (main) INFO  [uniandes.isis2304.parranderos.negocio.Alohandes] - Adicionado alojamiento al operador: 68
19:26:39,231 (main) INFO  [uniandes.isis2304.parranderos.negocio.Alohandes] - Adicionando detalles del alojamiento con id 69
19:26:39,243 (main) INFO  [uniandes.isis2304.parranderos.negocio.Alohandes] - Adicionado detalles del alojamiento con id: 69
19:26:39,243 (main) INFO  [uniandes.isis2304.parranderos.negocio.Alohandes] - Adicionando detalles del alojamiento con id 70
19:26:39,251 (main) ERROR [uniandes.isis2304.parranderos.persistencia.PersistenciaAlohandes] - Exception : Error executing SQL query "INSERT INTO DETALLES_ALOJ(idalojamiento, categoria, capacidad, servicios, costo_seguro, costo_admon, amoblado ) values (?, ?, ?, ?, ?, ?, ?)".
ORA-02290: check constraint (ISIS2304B23202310.CK_DA_COSTO_ADMON) violated

19:26:39,258 (main) INFO  [uniandes.isis2304.parranderos.negocio.Alohandes] - Adicionado detalles del alojamiento con id: 70
19:26:39,258 (main) INFO  [uniandes.isis2304.parranderos.negocio.Alohandes] - Limpiando la BD de Alohandes
19:26:39,328 (main) INFO  [uniandes.isis2304.parranderos.persistencia.PersistenciaAlohandes] - Borrada la base de datos
19:26:39,328 (main) INFO  [uniandes.isis2304.parranderos.negocio.Alohandes] - Limpiando la BD de Alohandes: Listo!
19:26:39,337 (main) INFO  [uniandes.isis2304.parranderos.test.OfertaTest] - Probando las operaciones CRD sobre TipoBebida
19:26:39,337 (main) INFO  [uniandes.isis2304.parranderos.test.OfertaTest] - Se encontró un archivo de configuración de tablas válido
19:26:39,481 (main) INFO  [uniandes.isis2304.parranderos.negocio.Alohandes] - Listando reservas
19:26:39,567 (main) INFO  [uniandes.isis2304.parranderos.negocio.Alohandes] - Listando reservas existentes
19:26:39,567 (main) INFO  [uniandes.isis2304.parranderos.negocio.Alohandes] - Adicionando residente con el nombre: Test
19:26:39,590 (main) INFO  [uniandes.isis2304.parranderos.negocio.Alohandes] - Adicionando residen  con id: 71 y nombre: Test
19:26:39,590 (main) INFO  [uniandes.isis2304.parranderos.negocio.Alohandes] - Adicionando reserva del residente con id: 71
19:26:39,617 (main) INFO  [uniandes.isis2304.parranderos.negocio.Alohandes] - Adicionando reserva del residente con id: 71
19:26:39,617 (main) INFO  [uniandes.isis2304.parranderos.negocio.Alohandes] - Listando reservas
19:26:39,626 (main) ERROR [uniandes.isis2304.parranderos.persistencia.PersistenciaAlohandes] - Exception : Query needs to return objects of type "uniandes.isis2304.parranderos.negocio.Reserva" but it was impossible to set the field "COLECTIVA" type "null". The field should have either a public set/put method, or be public.

19:26:39,634 (main) INFO  [uniandes.isis2304.parranderos.negocio.Alohandes] - Limpiando la BD de Alohandes
19:26:39,685 (main) INFO  [uniandes.isis2304.parranderos.persistencia.PersistenciaAlohandes] - Borrada la base de datos
19:26:39,685 (main) INFO  [uniandes.isis2304.parranderos.negocio.Alohandes] - Limpiando la BD de Alohandes: Listo!
19:26:39,693 (main) INFO  [uniandes.isis2304.parranderos.test.OfertaTest] - Probando la restricción de UNICIDAD del nombre de una reserva
19:26:39,693 (main) INFO  [uniandes.isis2304.parranderos.test.OfertaTest] - Se encontró un archivo de configuración de tablas válido
19:26:39,832 (main) INFO  [uniandes.isis2304.parranderos.negocio.Alohandes] - Listando reservas
19:26:39,923 (main) INFO  [uniandes.isis2304.parranderos.negocio.Alohandes] - Listando reservas existentes
19:26:39,923 (main) INFO  [uniandes.isis2304.parranderos.negocio.Alohandes] - Adicionando residente con el nombre: Test
19:26:39,951 (main) INFO  [uniandes.isis2304.parranderos.negocio.Alohandes] - Adicionando residen  con id: 73 y nombre: Test
19:26:39,951 (main) INFO  [uniandes.isis2304.parranderos.negocio.Alohandes] - Adicionando reserva del residente con id: 73
19:26:39,976 (main) INFO  [uniandes.isis2304.parranderos.negocio.Alohandes] - Adicionando reserva del residente con id: 73
19:26:39,976 (main) INFO  [uniandes.isis2304.parranderos.negocio.Alohandes] - Listando reservas
19:26:39,982 (main) ERROR [uniandes.isis2304.parranderos.persistencia.PersistenciaAlohandes] - Exception : Query needs to return objects of type "uniandes.isis2304.parranderos.negocio.Reserva" but it was impossible to set the field "COLECTIVA" type "null". The field should have either a public set/put method, or be public.

19:26:39,990 (main) INFO  [uniandes.isis2304.parranderos.negocio.Alohandes] - Limpiando la BD de Alohandes
19:26:40,034 (main) INFO  [uniandes.isis2304.parranderos.persistencia.PersistenciaAlohandes] - Borrada la base de datos
19:26:40,034 (main) INFO  [uniandes.isis2304.parranderos.negocio.Alohandes] - Limpiando la BD de Alohandes: Listo!
19:26:40,042 (main) INFO  [uniandes.isis2304.parranderos.test.AlojamientoTest] - Probando la restricción de UNICIDAD del nombre del tipo de residente
19:26:40,042 (main) INFO  [uniandes.isis2304.parranderos.test.AlojamientoTest] - Se encontró un archivo de configuración de tablas válido
19:26:40,299 (main) ERROR [uniandes.isis2304.parranderos.persistencia.PersistenciaAlohandes] - Exception : Error executing SQL query "INSERT INTO SERVICIO(id, nombre, costo) values (?, ?, ?)".
ORA-00001: unique constraint (ISIS2304B23202310.UN_TIPO_S_NOMBRE) violated

19:26:40,323 (main) ERROR [uniandes.isis2304.parranderos.persistencia.PersistenciaAlohandes] - Exception : Error executing SQL query "INSERT INTO SERVICIO(id, nombre, costo) values (?, ?, ?)".
ORA-02290: check constraint (ISIS2304B23202310.CK_S_COSTO) violated

19:26:40,329 (main) INFO  [uniandes.isis2304.parranderos.negocio.Alohandes] - Limpiando la BD de Alohandes
19:26:40,373 (main) INFO  [uniandes.isis2304.parranderos.persistencia.PersistenciaAlohandes] - Borrada la base de datos
19:26:40,373 (main) INFO  [uniandes.isis2304.parranderos.negocio.Alohandes] - Limpiando la BD de Alohandes: Listo!
19:26:40,381 (main) INFO  [uniandes.isis2304.parranderos.test.AlojamientoTest] - Probando la restricción de UNICIDAD del nombre del tipo de bebida
19:26:40,382 (main) INFO  [uniandes.isis2304.parranderos.test.AlojamientoTest] - Se encontró un archivo de configuración de tablas válido
19:26:40,634 (main) INFO  [uniandes.isis2304.parranderos.negocio.Alohandes] - Limpiando la BD de Alohandes
19:26:40,680 (main) INFO  [uniandes.isis2304.parranderos.persistencia.PersistenciaAlohandes] - Borrada la base de datos
19:26:40,680 (main) INFO  [uniandes.isis2304.parranderos.negocio.Alohandes] - Limpiando la BD de Alohandes: Listo!
19:26:40,687 (main) INFO  [uniandes.isis2304.parranderos.test.AlojamientoTest] - Probando las operaciones CRD sobre TipoBebida
19:26:40,687 (main) INFO  [uniandes.isis2304.parranderos.test.AlojamientoTest] - Se encontró un archivo de configuración de tablas válido
19:26:40,999 (main) INFO  [uniandes.isis2304.parranderos.negocio.Alohandes] - Limpiando la BD de Alohandes
19:26:41,080 (main) INFO  [uniandes.isis2304.parranderos.persistencia.PersistenciaAlohandes] - Borrada la base de datos
19:26:41,080 (main) INFO  [uniandes.isis2304.parranderos.negocio.Alohandes] - Limpiando la BD de Alohandes: Listo!
